<?xml version="1.0" encoding="UTF-8"?>
<!-- Generated by org.testng.reporters.JUnitReportReporter -->
<testsuite hostname="WKMIN2039941.global.publicisgroupe.net" name="runnerFiles.TestRunner" tests="1" failures="0" timestamp="26 Sep 2018 16:05:54 GMT" time="8.579" errors="0">
  <testcase name="feature" time="8.579" classname="runnerFiles.TestRunner"/>
</testsuite> <!-- runnerFiles.TestRunner -->
